<?xml version="1.0" encoding="UTF-8"?>
<coverage generated="1657025399057" clover="3.2.0">
  <project timestamp="1657025399057" name="All files">
    <metrics statements="64" coveredstatements="43" conditionals="28" coveredconditionals="15" methods="16" coveredmethods="11" elements="108" coveredelements="69" complexity="0" loc="64" ncloc="64" packages="1" files="2" classes="2"/>
    <file name="core.ts" path="/home/csha/sklep/src/lib/core.ts">
      <metrics statements="49" coveredstatements="35" conditionals="15" coveredconditionals="8" methods="12" coveredmethods="9"/>
      <line num="1" count="1" type="stmt"/>
      <line num="131" count="1" type="stmt"/>
      <line num="136" count="5" type="stmt"/>
      <line num="138" count="5" type="stmt"/>
      <line num="140" count="5" type="cond" truecount="2" falsecount="0"/>
      <line num="144" count="9" type="cond" truecount="1" falsecount="0"/>
      <line num="145" count="6" type="stmt"/>
      <line num="148" count="9" type="stmt"/>
      <line num="149" count="9" type="stmt"/>
      <line num="152" count="2" type="stmt"/>
      <line num="153" count="2" type="cond" truecount="0" falsecount="1"/>
      <line num="154" count="2" type="stmt"/>
      <line num="157" count="2" type="cond" truecount="1" falsecount="0"/>
      <line num="159" count="2" type="stmt"/>
      <line num="162" count="9" type="stmt"/>
      <line num="166" count="4" type="stmt"/>
      <line num="167" count="4" type="stmt"/>
      <line num="171" count="14" type="cond" truecount="1" falsecount="0"/>
      <line num="173" count="11" type="stmt"/>
      <line num="174" count="11" type="stmt"/>
      <line num="176" count="15" type="stmt"/>
      <line num="181" count="12" type="cond" truecount="3" falsecount="0"/>
      <line num="183" count="11" type="stmt"/>
      <line num="184" count="11" type="stmt"/>
      <line num="185" count="11" type="stmt"/>
      <line num="186" count="11" type="stmt"/>
      <line num="187" count="11" type="stmt"/>
      <line num="189" count="15" type="stmt"/>
      <line num="191" count="11" type="stmt"/>
      <line num="195" count="3" type="stmt"/>
      <line num="199" count="10" type="stmt"/>
      <line num="203" count="13" type="stmt"/>
      <line num="206" count="5" type="stmt"/>
      <line num="221" count="1" type="stmt"/>
      <line num="226" count="0" type="stmt"/>
      <line num="227" count="0" type="stmt"/>
      <line num="234" count="1" type="stmt"/>
      <line num="235" count="0" type="stmt"/>
      <line num="236" count="0" type="cond" truecount="0" falsecount="3"/>
      <line num="237" count="0" type="stmt"/>
      <line num="241" count="0" type="stmt"/>
      <line num="242" count="0" type="stmt"/>
      <line num="243" count="0" type="stmt"/>
      <line num="244" count="0" type="stmt"/>
      <line num="247" count="0" type="cond" truecount="0" falsecount="2"/>
      <line num="248" count="0" type="stmt"/>
      <line num="250" count="0" type="cond" truecount="0" falsecount="1"/>
      <line num="251" count="0" type="stmt"/>
      <line num="253" count="0" type="stmt"/>
    </file>
    <file name="utils.ts" path="/home/csha/sklep/src/lib/utils.ts">
      <metrics statements="15" coveredstatements="8" conditionals="13" coveredconditionals="7" methods="4" coveredmethods="2"/>
      <line num="1" count="1" type="stmt"/>
      <line num="2" count="1" type="cond" truecount="5" falsecount="3"/>
      <line num="9" count="1" type="stmt"/>
      <line num="13" count="0" type="stmt"/>
      <line num="17" count="1" type="stmt"/>
      <line num="22" count="10" type="cond" truecount="1" falsecount="0"/>
      <line num="23" count="1" type="cond" truecount="1" falsecount="2"/>
      <line num="25" count="0" type="stmt"/>
      <line num="27" count="0" type="stmt"/>
      <line num="29" count="1" type="stmt"/>
      <line num="33" count="1" type="stmt"/>
      <line num="38" count="0" type="cond" truecount="0" falsecount="1"/>
      <line num="39" count="0" type="stmt"/>
      <line num="40" count="0" type="stmt"/>
      <line num="41" count="0" type="stmt"/>
    </file>
  </project>
</coverage>
