<?xml version="1.0" encoding="UTF-8"?>
<coverage generated="1657107459856" clover="3.2.0">
  <project timestamp="1657107459856" name="All files">
    <metrics statements="107" coveredstatements="103" conditionals="61" coveredconditionals="49" methods="26" coveredmethods="25" elements="194" coveredelements="177" complexity="0" loc="107" ncloc="107" packages="1" files="3" classes="3"/>
    <file name="core.ts" path="/home/csha/sklep/src/lib/core.ts">
      <metrics statements="51" coveredstatements="51" conditionals="24" coveredconditionals="24" methods="12" coveredmethods="12"/>
      <line num="1" count="2" type="stmt"/>
      <line num="131" count="2" type="stmt"/>
      <line num="136" count="17" type="stmt"/>
      <line num="138" count="17" type="stmt"/>
      <line num="140" count="17" type="cond" truecount="2" falsecount="0"/>
      <line num="144" count="27" type="cond" truecount="1" falsecount="0"/>
      <line num="145" count="22" type="stmt"/>
      <line num="148" count="27" type="stmt"/>
      <line num="149" count="27" type="stmt"/>
      <line num="152" count="11" type="stmt"/>
      <line num="153" count="11" type="cond" truecount="1" falsecount="0"/>
      <line num="154" count="9" type="stmt"/>
      <line num="157" count="9" type="cond" truecount="1" falsecount="0"/>
      <line num="159" count="9" type="stmt"/>
      <line num="162" count="27" type="stmt"/>
      <line num="168" count="18" type="stmt"/>
      <line num="169" count="18" type="stmt"/>
      <line num="170" count="18" type="stmt"/>
      <line num="174" count="43" type="cond" truecount="1" falsecount="0"/>
      <line num="176" count="33" type="stmt"/>
      <line num="177" count="33" type="stmt"/>
      <line num="179" count="34" type="stmt"/>
      <line num="184" count="39" type="cond" truecount="3" falsecount="0"/>
      <line num="186" count="33" type="stmt"/>
      <line num="187" count="33" type="stmt"/>
      <line num="188" count="33" type="stmt"/>
      <line num="189" count="33" type="stmt"/>
      <line num="190" count="33" type="stmt"/>
      <line num="192" count="34" type="stmt"/>
      <line num="194" count="33" type="stmt"/>
      <line num="198" count="3" type="stmt"/>
      <line num="202" count="22" type="stmt"/>
      <line num="206" count="13" type="stmt"/>
      <line num="209" count="17" type="stmt"/>
      <line num="220" count="2" type="stmt"/>
      <line num="226" count="3" type="cond" truecount="7" falsecount="0"/>
      <line num="233" count="3" type="cond" truecount="2" falsecount="0"/>
      <line num="234" count="3" type="stmt"/>
      <line num="241" count="2" type="stmt"/>
      <line num="242" count="7" type="stmt"/>
      <line num="243" count="7" type="cond" truecount="3" falsecount="0"/>
      <line num="244" count="2" type="stmt"/>
      <line num="248" count="5" type="stmt"/>
      <line num="249" count="5" type="stmt"/>
      <line num="250" count="4" type="stmt"/>
      <line num="251" count="4" type="stmt"/>
      <line num="254" count="5" type="cond" truecount="2" falsecount="0"/>
      <line num="255" count="2" type="stmt"/>
      <line num="257" count="5" type="cond" truecount="1" falsecount="0"/>
      <line num="258" count="1" type="stmt"/>
      <line num="264" count="4" type="stmt"/>
    </file>
    <file name="derived.ts" path="/home/csha/sklep/src/lib/derived.ts">
      <metrics statements="41" coveredstatements="37" conditionals="24" coveredconditionals="14" methods="10" coveredmethods="9"/>
      <line num="1" count="1" type="stmt"/>
      <line num="14" count="1" type="stmt"/>
      <line num="115" count="1" type="stmt"/>
      <line num="121" count="2" type="cond" truecount="2" falsecount="3"/>
      <line num="122" count="0" type="stmt"/>
      <line num="123" count="2" type="cond" truecount="1" falsecount="1"/>
      <line num="124" count="0" type="stmt"/>
      <line num="128" count="0" type="stmt"/>
      <line num="132" count="2" type="stmt"/>
      <line num="135" count="7" type="stmt"/>
      <line num="140" count="2" type="stmt"/>
      <line num="141" count="2" type="cond" truecount="2" falsecount="0"/>
      <line num="142" count="2" type="cond" truecount="2" falsecount="0"/>
      <line num="144" count="2" type="stmt"/>
      <line num="147" count="2" type="cond" truecount="1" falsecount="1"/>
      <line num="148" count="2" type="stmt"/>
      <line num="149" count="2" type="stmt"/>
      <line num="150" count="2" type="stmt"/>
      <line num="151" count="2" type="stmt"/>
      <line num="153" count="2" type="stmt"/>
      <line num="156" count="3" type="stmt"/>
      <line num="157" count="3" type="stmt"/>
      <line num="158" count="3" type="stmt"/>
      <line num="159" count="3" type="stmt"/>
      <line num="161" count="7" type="stmt"/>
      <line num="162" count="7" type="cond" truecount="1" falsecount="0"/>
      <line num="163" count="7" type="stmt"/>
      <line num="165" count="7" type="cond" truecount="2" falsecount="1"/>
      <line num="166" count="7" type="cond" truecount="0" falsecount="1"/>
      <line num="168" count="7" type="stmt"/>
      <line num="170" count="7" type="stmt"/>
      <line num="177" count="7" type="stmt"/>
      <line num="180" count="4" type="stmt"/>
      <line num="181" count="4" type="stmt"/>
      <line num="186" count="3" type="stmt"/>
      <line num="188" count="3" type="stmt"/>
      <line num="189" count="1" type="stmt"/>
      <line num="190" count="1" type="stmt"/>
      <line num="191" count="1" type="cond" truecount="1" falsecount="1"/>
      <line num="192" count="0" type="stmt"/>
      <line num="199" count="2" type="stmt"/>
    </file>
    <file name="utils.ts" path="/home/csha/sklep/src/lib/utils.ts">
      <metrics statements="15" coveredstatements="15" conditionals="13" coveredconditionals="11" methods="4" coveredmethods="4"/>
      <line num="1" count="2" type="stmt"/>
      <line num="2" count="6" type="cond" truecount="7" falsecount="1"/>
      <line num="9" count="4" type="stmt"/>
      <line num="13" count="2" type="stmt"/>
      <line num="17" count="2" type="stmt"/>
      <line num="22" count="37" type="cond" truecount="1" falsecount="0"/>
      <line num="23" count="13" type="cond" truecount="3" falsecount="0"/>
      <line num="25" count="5" type="stmt"/>
      <line num="27" count="2" type="stmt"/>
      <line num="29" count="6" type="stmt"/>
      <line num="33" count="2" type="stmt"/>
      <line num="38" count="7" type="cond" truecount="0" falsecount="1"/>
      <line num="39" count="7" type="stmt"/>
      <line num="40" count="7" type="stmt"/>
      <line num="41" count="7" type="stmt"/>
    </file>
  </project>
</coverage>
