{"/home/csha/sklep/src/lib/core.ts": {"path":"/home/csha/sklep/src/lib/core.ts","statementMap":{"0":{"start":{"line":1,"column":0},"end":{"line":1,"column":39}},"1":{"start":{"line":136,"column":53},"end":{"line":136,"column":55}},"2":{"start":{"line":138,"column":13},"end":{"line":138,"column":18}},"3":{"start":{"line":140,"column":34},"end":{"line":140,"column":82}},"4":{"start":{"line":144,"column":2},"end":{"line":146,"column":null}},"5":{"start":{"line":145,"column":3},"end":{"line":145,"column":35}},"6":{"start":{"line":148,"column":14},"end":{"line":148,"column":38}},"7":{"start":{"line":149,"column":2},"end":{"line":149,"column":24}},"8":{"start":{"line":152,"column":17},"end":{"line":152,"column":41}},"9":{"start":{"line":153,"column":3},"end":{"line":153,"column":34}},"10":{"start":{"line":153,"column":21},"end":{"line":153,"column":34}},"11":{"start":{"line":154,"column":3},"end":{"line":154,"column":32}},"12":{"start":{"line":157,"column":3},"end":{"line":157,"column":42}},"13":{"start":{"line":157,"column":33},"end":{"line":157,"column":42}},"14":{"start":{"line":159,"column":3},"end":{"line":159,"column":15}},"15":{"start":{"line":162,"column":2},"end":{"line":162,"column":53}},"16":{"start":{"line":168,"column":12},"end":{"line":168,"column":35}},"17":{"start":{"line":169,"column":2},"end":{"line":169,"column":20}},"18":{"start":{"line":170,"column":2},"end":{"line":170,"column":11}},"19":{"start":{"line":174,"column":2},"end":{"line":174,"column":20}},"20":{"start":{"line":174,"column":13},"end":{"line":174,"column":20}},"21":{"start":{"line":176,"column":2},"end":{"line":176,"column":15}},"22":{"start":{"line":177,"column":2},"end":{"line":180,"column":null}},"23":{"start":{"line":179,"column":3},"end":{"line":179,"column":18}},"24":{"start":{"line":184,"column":2},"end":{"line":184,"column":82}},"25":{"start":{"line":184,"column":69},"end":{"line":184,"column":82}},"26":{"start":{"line":186,"column":2},"end":{"line":186,"column":15}},"27":{"start":{"line":187,"column":20},"end":{"line":187,"column":25}},"28":{"start":{"line":188,"column":2},"end":{"line":188,"column":14}},"29":{"start":{"line":189,"column":2},"end":{"line":189,"column":16}},"30":{"start":{"line":190,"column":2},"end":{"line":193,"column":null}},"31":{"start":{"line":192,"column":3},"end":{"line":192,"column":25}},"32":{"start":{"line":194,"column":2},"end":{"line":194,"column":15}},"33":{"start":{"line":198,"column":2},"end":{"line":198,"column":29}},"34":{"start":{"line":202,"column":2},"end":{"line":202,"column":15}},"35":{"start":{"line":206,"column":2},"end":{"line":206,"column":15}},"36":{"start":{"line":209,"column":1},"end":{"line":209,"column":69}},"37":{"start":{"line":131,"column":0},"end":{"line":131,"column":16}},"38":{"start":{"line":226,"column":2},"end":{"line":231,"column":37}},"39":{"start":{"line":233,"column":45},"end":{"line":233,"column":97}},"40":{"start":{"line":234,"column":1},"end":{"line":234,"column":44}},"41":{"start":{"line":220,"column":0},"end":{"line":220,"column":16}},"42":{"start":{"line":242,"column":61},"end":{"line":242,"column":66}},"43":{"start":{"line":243,"column":1},"end":{"line":245,"column":null}},"44":{"start":{"line":244,"column":2},"end":{"line":244,"column":17}},"45":{"start":{"line":248,"column":14},"end":{"line":248,"column":19}},"46":{"start":{"line":249,"column":15},"end":{"line":252,"column":3}},"47":{"start":{"line":250,"column":2},"end":{"line":250,"column":12}},"48":{"start":{"line":251,"column":2},"end":{"line":251,"column":16}},"49":{"start":{"line":254,"column":1},"end":{"line":255,"column":26}},"50":{"start":{"line":254,"column":34},"end":{"line":254,"column":42}},"51":{"start":{"line":255,"column":6},"end":{"line":255,"column":26}},"52":{"start":{"line":257,"column":1},"end":{"line":262,"column":4}},"53":{"start":{"line":258,"column":2},"end":{"line":262,"column":4}},"54":{"start":{"line":264,"column":1},"end":{"line":264,"column":15}},"55":{"start":{"line":241,"column":0},"end":{"line":241,"column":16}}},"fnMap":{"0":{"name":"writable","decl":{"start":{"line":131,"column":16},"end":{"line":131,"column":24}},"loc":{"start":{"line":134,"column":26},"end":{"line":210,"column":1}}},"1":{"name":"listen","decl":{"start":{"line":142,"column":10},"end":{"line":142,"column":16}},"loc":{"start":{"line":142,"column":54},"end":{"line":163,"column":2}}},"2":{"name":"unsubscribe","decl":{"start":{"line":151,"column":11},"end":{"line":151,"column":22}},"loc":{"start":{"line":151,"column":22},"end":{"line":160,"column":3}}},"3":{"name":"subscribe","decl":{"start":{"line":165,"column":10},"end":{"line":165,"column":19}},"loc":{"start":{"line":165,"column":64},"end":{"line":171,"column":2}}},"4":{"name":"invalidate","decl":{"start":{"line":173,"column":10},"end":{"line":173,"column":20}},"loc":{"start":{"line":173,"column":20},"end":{"line":181,"column":2}}},"5":{"name":"set","decl":{"start":{"line":183,"column":10},"end":{"line":183,"column":13}},"loc":{"start":{"line":183,"column":20},"end":{"line":195,"column":2}}},"6":{"name":"update","decl":{"start":{"line":197,"column":10},"end":{"line":197,"column":16}},"loc":{"start":{"line":197,"column":36},"end":{"line":199,"column":2}}},"7":{"name":"get","decl":{"start":{"line":201,"column":10},"end":{"line":201,"column":13}},"loc":{"start":{"line":201,"column":13},"end":{"line":203,"column":2}}},"8":{"name":"isDirty","decl":{"start":{"line":205,"column":10},"end":{"line":205,"column":17}},"loc":{"start":{"line":205,"column":17},"end":{"line":207,"column":2}}},"9":{"name":"readable","decl":{"start":{"line":220,"column":16},"end":{"line":220,"column":24}},"loc":{"start":{"line":223,"column":26},"end":{"line":235,"column":1}}},"10":{"name":"get","decl":{"start":{"line":241,"column":16},"end":{"line":241,"column":19}},"loc":{"start":{"line":241,"column":42},"end":{"line":265,"column":1}}},"11":{"name":"(anonymous_11)","decl":{"start":{"line":249,"column":31},"end":{"line":249,"column":32}},"loc":{"start":{"line":249,"column":37},"end":{"line":252,"column":2}}}},"branchMap":{"0":{"loc":{"start":{"line":140,"column":34},"end":{"line":140,"column":82}},"type":"binary-expr","locations":[{"start":{"line":140,"column":34},"end":{"line":140,"column":67}},{"start":{"line":140,"column":71},"end":{"line":140,"column":82}}]},"1":{"loc":{"start":{"line":144,"column":2},"end":{"line":146,"column":null}},"type":"if","locations":[{"start":{"line":144,"column":2},"end":{"line":146,"column":null}}]},"2":{"loc":{"start":{"line":153,"column":3},"end":{"line":153,"column":34}},"type":"if","locations":[{"start":{"line":153,"column":3},"end":{"line":153,"column":34}}]},"3":{"loc":{"start":{"line":157,"column":3},"end":{"line":157,"column":42}},"type":"if","locations":[{"start":{"line":157,"column":3},"end":{"line":157,"column":42}}]},"4":{"loc":{"start":{"line":174,"column":2},"end":{"line":174,"column":20}},"type":"if","locations":[{"start":{"line":174,"column":2},"end":{"line":174,"column":20}}]},"5":{"loc":{"start":{"line":184,"column":2},"end":{"line":184,"column":82}},"type":"if","locations":[{"start":{"line":184,"column":2},"end":{"line":184,"column":82}}]},"6":{"loc":{"start":{"line":184,"column":6},"end":{"line":184,"column":67}},"type":"binary-expr","locations":[{"start":{"line":184,"column":6},"end":{"line":184,"column":12}},{"start":{"line":184,"column":16},"end":{"line":184,"column":67}}]},"7":{"loc":{"start":{"line":226,"column":2},"end":{"line":231,"column":37}},"type":"binary-expr","locations":[{"start":{"line":226,"column":3},"end":{"line":226,"column":28}},{"start":{"line":226,"column":32},"end":{"line":226,"column":59}},{"start":{"line":227,"column":2},"end":{"line":227,"column":22}},{"start":{"line":228,"column":2},"end":{"line":228,"column":39}},{"start":{"line":229,"column":2},"end":{"line":229,"column":36}},{"start":{"line":230,"column":2},"end":{"line":230,"column":33}},{"start":{"line":231,"column":2},"end":{"line":231,"column":37}}]},"8":{"loc":{"start":{"line":233,"column":45},"end":{"line":233,"column":97}},"type":"cond-expr","locations":[{"start":{"line":233,"column":55},"end":{"line":233,"column":60}},{"start":{"line":233,"column":63},"end":{"line":233,"column":97}}]},"9":{"loc":{"start":{"line":243,"column":1},"end":{"line":245,"column":null}},"type":"if","locations":[{"start":{"line":243,"column":1},"end":{"line":245,"column":null}}]},"10":{"loc":{"start":{"line":243,"column":5},"end":{"line":243,"column":54}},"type":"binary-expr","locations":[{"start":{"line":243,"column":5},"end":{"line":243,"column":32}},{"start":{"line":243,"column":36},"end":{"line":243,"column":54}}]},"11":{"loc":{"start":{"line":254,"column":1},"end":{"line":255,"column":26}},"type":"if","locations":[{"start":{"line":254,"column":1},"end":{"line":255,"column":26}},{"start":{"line":255,"column":6},"end":{"line":255,"column":26}}]},"12":{"loc":{"start":{"line":257,"column":1},"end":{"line":262,"column":4}},"type":"if","locations":[{"start":{"line":257,"column":1},"end":{"line":262,"column":4}}]}},"s":{"0":2,"1":17,"2":17,"3":17,"4":27,"5":22,"6":27,"7":27,"8":11,"9":11,"10":2,"11":9,"12":9,"13":7,"14":9,"15":27,"16":18,"17":18,"18":18,"19":43,"20":10,"21":33,"22":33,"23":34,"24":39,"25":6,"26":33,"27":33,"28":33,"29":33,"30":33,"31":34,"32":33,"33":3,"34":22,"35":13,"36":17,"37":2,"38":3,"39":3,"40":3,"41":2,"42":7,"43":7,"44":2,"45":5,"46":5,"47":4,"48":4,"49":5,"50":3,"51":2,"52":5,"53":1,"54":4,"55":2},"f":{"0":17,"1":27,"2":11,"3":18,"4":43,"5":39,"6":3,"7":22,"8":13,"9":3,"10":7,"11":4},"b":{"0":[17,14],"1":[22],"2":[2],"3":[7],"4":[10],"5":[6],"6":[39,30],"7":[3,2,1,1,1,1,1],"8":[1,2],"9":[2],"10":[7,2],"11":[3,2],"12":[1]}}
,"/home/csha/sklep/src/lib/derived.ts": {"path":"/home/csha/sklep/src/lib/derived.ts","statementMap":{"0":{"start":{"line":1,"column":0},"end":{"line":1,"column":null}},"1":{"start":{"line":14,"column":0},"end":{"line":14,"column":43}},"2":{"start":{"line":121,"column":1},"end":{"line":138,"column":null}},"3":{"start":{"line":122,"column":2},"end":{"line":122,"column":14}},"4":{"start":{"line":123,"column":8},"end":{"line":138,"column":null}},"5":{"start":{"line":124,"column":2},"end":{"line":130,"column":4}},"6":{"start":{"line":128,"column":4},"end":{"line":128,"column":33}},"7":{"start":{"line":132,"column":2},"end":{"line":137,"column":4}},"8":{"start":{"line":135,"column":4},"end":{"line":135,"column":39}},"9":{"start":{"line":140,"column":55},"end":{"line":140,"column":62}},"10":{"start":{"line":141,"column":23},"end":{"line":141,"column":52}},"11":{"start":{"line":142,"column":29},"end":{"line":142,"column":67}},"12":{"start":{"line":144,"column":19},"end":{"line":144,"column":47}},"13":{"start":{"line":147,"column":5},"end":{"line":147,"column":64}},"14":{"start":{"line":148,"column":26},"end":{"line":148,"column":28}},"15":{"start":{"line":149,"column":28},"end":{"line":149,"column":54}},"16":{"start":{"line":149,"column":44},"end":{"line":149,"column":53}},"17":{"start":{"line":150,"column":18},"end":{"line":150,"column":39}},"18":{"start":{"line":150,"column":34},"end":{"line":150,"column":38}},"19":{"start":{"line":151,"column":46},"end":{"line":151,"column":48}},"20":{"start":{"line":153,"column":62},"end":{"line":196,"column":null}},"21":{"start":{"line":156,"column":18},"end":{"line":156,"column":22}},"22":{"start":{"line":157,"column":3},"end":{"line":184,"column":null}},"23":{"start":{"line":157,"column":16},"end":{"line":157,"column":17}},"24":{"start":{"line":158,"column":4},"end":{"line":158,"column":23}},"25":{"start":{"line":159,"column":4},"end":{"line":183,"column":6}},"26":{"start":{"line":161,"column":6},"end":{"line":161,"column":27}},"27":{"start":{"line":162,"column":6},"end":{"line":162,"column":45}},"28":{"start":{"line":162,"column":20},"end":{"line":162,"column":45}},"29":{"start":{"line":163,"column":6},"end":{"line":163,"column":26}},"30":{"start":{"line":165,"column":6},"end":{"line":165,"column":59}},"31":{"start":{"line":165,"column":48},"end":{"line":165,"column":49}},"32":{"start":{"line":165,"column":52},"end":{"line":165,"column":59}},"33":{"start":{"line":166,"column":24},"end":{"line":166,"column":101}},"34":{"start":{"line":166,"column":94},"end":{"line":166,"column":101}},"35":{"start":{"line":168,"column":6},"end":{"line":168,"column":15}},"36":{"start":{"line":170,"column":6},"end":{"line":175,"column":26}},"37":{"start":{"line":177,"column":24},"end":{"line":177,"column":55}},"38":{"start":{"line":180,"column":6},"end":{"line":180,"column":25}},"39":{"start":{"line":181,"column":6},"end":{"line":181,"column":19}},"40":{"start":{"line":186,"column":3},"end":{"line":186,"column":20}},"41":{"start":{"line":188,"column":3},"end":{"line":194,"column":5}},"42":{"start":{"line":189,"column":4},"end":{"line":193,"column":null}},"43":{"start":{"line":189,"column":17},"end":{"line":189,"column":18}},"44":{"start":{"line":190,"column":19},"end":{"line":190,"column":38}},"45":{"start":{"line":191,"column":5},"end":{"line":192,"column":30}},"46":{"start":{"line":191,"column":38},"end":{"line":191,"column":46}},"47":{"start":{"line":192,"column":10},"end":{"line":192,"column":30}},"48":{"start":{"line":199,"column":1},"end":{"line":199,"column":44}},"49":{"start":{"line":115,"column":0},"end":{"line":115,"column":16}}},"fnMap":{"0":{"name":"derived","decl":{"start":{"line":115,"column":16},"end":{"line":115,"column":23}},"loc":{"start":{"line":118,"column":34},"end":{"line":200,"column":1}}},"1":{"name":"(anonymous_1)","decl":{"start":{"line":127,"column":3},"end":{"line":127,"column":9}},"loc":{"start":{"line":127,"column":34},"end":{"line":129,"column":4}}},"2":{"name":"(anonymous_2)","decl":{"start":{"line":134,"column":3},"end":{"line":134,"column":9}},"loc":{"start":{"line":134,"column":34},"end":{"line":136,"column":4}}},"3":{"name":"(anonymous_3)","decl":{"start":{"line":149,"column":37},"end":{"line":149,"column":38}},"loc":{"start":{"line":149,"column":44},"end":{"line":149,"column":53}}},"4":{"name":"(anonymous_4)","decl":{"start":{"line":150,"column":27},"end":{"line":150,"column":28}},"loc":{"start":{"line":150,"column":34},"end":{"line":150,"column":38}}},"5":{"name":"(anonymous_5)","decl":{"start":{"line":155,"column":2},"end":{"line":155,"column":5}},"loc":{"start":{"line":155,"column":7},"end":{"line":195,"column":3}}},"6":{"name":"(anonymous_6)","decl":{"start":{"line":160,"column":5},"end":{"line":160,"column":6}},"loc":{"start":{"line":160,"column":15},"end":{"line":178,"column":6}}},"7":{"name":"(anonymous_7)","decl":{"start":{"line":165,"column":41},"end":{"line":165,"column":42}},"loc":{"start":{"line":165,"column":48},"end":{"line":165,"column":49}}},"8":{"name":"(anonymous_8)","decl":{"start":{"line":179,"column":5},"end":{"line":179,"column":8}},"loc":{"start":{"line":179,"column":10},"end":{"line":182,"column":6}}},"9":{"name":"(anonymous_9)","decl":{"start":{"line":188,"column":10},"end":{"line":188,"column":13}},"loc":{"start":{"line":188,"column":15},"end":{"line":194,"column":4}}}},"branchMap":{"0":{"loc":{"start":{"line":121,"column":1},"end":{"line":138,"column":null}},"type":"if","locations":[{"start":{"line":121,"column":1},"end":{"line":138,"column":null}},{"start":{"line":123,"column":8},"end":{"line":138,"column":null}}]},"1":{"loc":{"start":{"line":121,"column":5},"end":{"line":121,"column":67}},"type":"binary-expr","locations":[{"start":{"line":121,"column":5},"end":{"line":121,"column":16}},{"start":{"line":121,"column":20},"end":{"line":121,"column":33}},{"start":{"line":121,"column":37},"end":{"line":121,"column":67}}]},"2":{"loc":{"start":{"line":123,"column":8},"end":{"line":138,"column":null}},"type":"if","locations":[{"start":{"line":123,"column":8},"end":{"line":138,"column":null}},{"start":{"line":131,"column":8},"end":{"line":138,"column":null}}]},"3":{"loc":{"start":{"line":141,"column":23},"end":{"line":141,"column":52}},"type":"binary-expr","locations":[{"start":{"line":141,"column":23},"end":{"line":141,"column":44}},{"start":{"line":141,"column":48},"end":{"line":141,"column":52}}]},"4":{"loc":{"start":{"line":142,"column":29},"end":{"line":142,"column":67}},"type":"binary-expr","locations":[{"start":{"line":142,"column":29},"end":{"line":142,"column":56}},{"start":{"line":142,"column":60},"end":{"line":142,"column":67}}]},"5":{"loc":{"start":{"line":147,"column":5},"end":{"line":147,"column":64}},"type":"cond-expr","locations":[{"start":{"line":147,"column":35},"end":{"line":147,"column":47}},{"start":{"line":147,"column":50},"end":{"line":147,"column":64}}]},"6":{"loc":{"start":{"line":162,"column":6},"end":{"line":162,"column":45}},"type":"if","locations":[{"start":{"line":162,"column":6},"end":{"line":162,"column":45}}]},"7":{"loc":{"start":{"line":165,"column":6},"end":{"line":165,"column":59}},"type":"if","locations":[{"start":{"line":165,"column":6},"end":{"line":165,"column":59}}]},"8":{"loc":{"start":{"line":165,"column":10},"end":{"line":165,"column":50}},"type":"binary-expr","locations":[{"start":{"line":165,"column":10},"end":{"line":165,"column":23}},{"start":{"line":165,"column":27},"end":{"line":165,"column":50}}]},"9":{"loc":{"start":{"line":166,"column":24},"end":{"line":166,"column":101}},"type":"if","locations":[{"start":{"line":166,"column":24},"end":{"line":166,"column":101}}]},"10":{"loc":{"start":{"line":171,"column":28},"end":{"line":171,"column":61}},"type":"cond-expr","locations":[{"start":{"line":171,"column":37},"end":{"line":171,"column":49}},{"start":{"line":171,"column":52},"end":{"line":171,"column":61}}]},"11":{"loc":{"start":{"line":174,"column":28},"end":{"line":174,"column":69}},"type":"cond-expr","locations":[{"start":{"line":174,"column":37},"end":{"line":174,"column":53}},{"start":{"line":174,"column":56},"end":{"line":174,"column":69}}]},"12":{"loc":{"start":{"line":191,"column":5},"end":{"line":192,"column":30}},"type":"if","locations":[{"start":{"line":191,"column":5},"end":{"line":192,"column":30}},{"start":{"line":192,"column":10},"end":{"line":192,"column":30}}]}},"s":{"0":1,"1":1,"2":2,"3":0,"4":2,"5":0,"6":0,"7":2,"8":7,"9":2,"10":2,"11":2,"12":2,"13":2,"14":2,"15":2,"16":2,"17":2,"18":2,"19":2,"20":2,"21":3,"22":3,"23":3,"24":3,"25":3,"26":7,"27":7,"28":3,"29":7,"30":7,"31":7,"32":0,"33":7,"34":0,"35":7,"36":7,"37":7,"38":4,"39":4,"40":3,"41":3,"42":1,"43":1,"44":1,"45":1,"46":1,"47":0,"48":2,"49":1},"f":{"0":2,"1":0,"2":7,"3":2,"4":2,"5":3,"6":7,"7":7,"8":4,"9":1},"b":{"0":[0,2],"1":[2,0,0],"2":[0,2],"3":[2,2],"4":[2,2],"5":[0,2],"6":[3],"7":[0],"8":[7,7],"9":[0],"10":[7,0],"11":[7,0],"12":[1,0]}}
,"/home/csha/sklep/src/lib/utils.ts": {"path":"/home/csha/sklep/src/lib/utils.ts","statementMap":{"0":{"start":{"line":2,"column":1},"end":{"line":14,"column":null}},"1":{"start":{"line":9,"column":3},"end":{"line":9,"column":15}},"2":{"start":{"line":13,"column":3},"end":{"line":13,"column":23}},"3":{"start":{"line":1,"column":0},"end":{"line":1,"column":16}},"4":{"start":{"line":22,"column":1},"end":{"line":22,"column":36}},"5":{"start":{"line":22,"column":24},"end":{"line":22,"column":36}},"6":{"start":{"line":23,"column":1},"end":{"line":30,"column":null}},"7":{"start":{"line":25,"column":3},"end":{"line":25,"column":15}},"8":{"start":{"line":27,"column":3},"end":{"line":27,"column":16}},"9":{"start":{"line":29,"column":3},"end":{"line":29,"column":31}},"10":{"start":{"line":17,"column":0},"end":{"line":17,"column":16}},"11":{"start":{"line":38,"column":4},"end":{"line":38,"column":55}},"12":{"start":{"line":38,"column":43},"end":{"line":38,"column":55}},"13":{"start":{"line":39,"column":4},"end":{"line":42,"column":7}},"14":{"start":{"line":40,"column":23},"end":{"line":40,"column":33}},"15":{"start":{"line":41,"column":8},"end":{"line":41,"column":null}},"16":{"start":{"line":33,"column":0},"end":{"line":33,"column":16}}},"fnMap":{"0":{"name":"isPrimitive","decl":{"start":{"line":1,"column":16},"end":{"line":1,"column":27}},"loc":{"start":{"line":1,"column":40},"end":{"line":15,"column":1}}},"1":{"name":"shouldUpdate","decl":{"start":{"line":17,"column":16},"end":{"line":17,"column":28}},"loc":{"start":{"line":20,"column":39},"end":{"line":31,"column":1}}},"2":{"name":"shouldSomeUpdate","decl":{"start":{"line":33,"column":16},"end":{"line":33,"column":32}},"loc":{"start":{"line":36,"column":42},"end":{"line":43,"column":1}}},"3":{"name":"(anonymous_3)","decl":{"start":{"line":39,"column":24},"end":{"line":39,"column":25}},"loc":{"start":{"line":39,"column":38},"end":{"line":42,"column":5}}}},"branchMap":{"0":{"loc":{"start":{"line":2,"column":1},"end":{"line":14,"column":null}},"type":"switch","locations":[{"start":{"line":3,"column":2},"end":{"line":3,"column":17}},{"start":{"line":4,"column":2},"end":{"line":4,"column":16}},{"start":{"line":5,"column":2},"end":{"line":5,"column":16}},{"start":{"line":6,"column":2},"end":{"line":6,"column":16}},{"start":{"line":7,"column":2},"end":{"line":7,"column":16}},{"start":{"line":8,"column":2},"end":{"line":9,"column":15}},{"start":{"line":11,"column":2},"end":{"line":11,"column":16}},{"start":{"line":12,"column":2},"end":{"line":13,"column":23}}]},"1":{"loc":{"start":{"line":22,"column":1},"end":{"line":22,"column":36}},"type":"if","locations":[{"start":{"line":22,"column":1},"end":{"line":22,"column":36}}]},"2":{"loc":{"start":{"line":23,"column":1},"end":{"line":30,"column":null}},"type":"switch","locations":[{"start":{"line":24,"column":2},"end":{"line":25,"column":15}},{"start":{"line":26,"column":2},"end":{"line":27,"column":16}},{"start":{"line":28,"column":2},"end":{"line":29,"column":31}}]},"3":{"loc":{"start":{"line":38,"column":4},"end":{"line":38,"column":55}},"type":"if","locations":[{"start":{"line":38,"column":4},"end":{"line":38,"column":55}}]}},"s":{"0":6,"1":4,"2":2,"3":2,"4":37,"5":24,"6":13,"7":5,"8":2,"9":6,"10":2,"11":7,"12":0,"13":7,"14":7,"15":7,"16":2},"f":{"0":6,"1":37,"2":7,"3":7},"b":{"0":[0,4,4,4,4,4,2,2],"1":[24],"2":[5,2,6],"3":[0]}}
}
