{"/home/csha/sklep/src/lib/core.ts": {"path":"/home/csha/sklep/src/lib/core.ts","statementMap":{"0":{"start":{"line":1,"column":0},"end":{"line":1,"column":39}},"1":{"start":{"line":136,"column":53},"end":{"line":136,"column":55}},"2":{"start":{"line":138,"column":13},"end":{"line":138,"column":18}},"3":{"start":{"line":140,"column":34},"end":{"line":140,"column":82}},"4":{"start":{"line":144,"column":2},"end":{"line":146,"column":null}},"5":{"start":{"line":145,"column":3},"end":{"line":145,"column":23}},"6":{"start":{"line":148,"column":14},"end":{"line":148,"column":33}},"7":{"start":{"line":149,"column":2},"end":{"line":149,"column":24}},"8":{"start":{"line":152,"column":17},"end":{"line":152,"column":41}},"9":{"start":{"line":153,"column":3},"end":{"line":153,"column":34}},"10":{"start":{"line":153,"column":21},"end":{"line":153,"column":34}},"11":{"start":{"line":154,"column":3},"end":{"line":154,"column":32}},"12":{"start":{"line":157,"column":3},"end":{"line":157,"column":42}},"13":{"start":{"line":157,"column":33},"end":{"line":157,"column":42}},"14":{"start":{"line":159,"column":3},"end":{"line":159,"column":15}},"15":{"start":{"line":162,"column":2},"end":{"line":162,"column":53}},"16":{"start":{"line":166,"column":2},"end":{"line":166,"column":20}},"17":{"start":{"line":167,"column":2},"end":{"line":167,"column":33}},"18":{"start":{"line":171,"column":2},"end":{"line":171,"column":20}},"19":{"start":{"line":171,"column":13},"end":{"line":171,"column":20}},"20":{"start":{"line":173,"column":2},"end":{"line":173,"column":15}},"21":{"start":{"line":174,"column":2},"end":{"line":177,"column":null}},"22":{"start":{"line":176,"column":3},"end":{"line":176,"column":18}},"23":{"start":{"line":181,"column":2},"end":{"line":181,"column":82}},"24":{"start":{"line":181,"column":69},"end":{"line":181,"column":82}},"25":{"start":{"line":183,"column":2},"end":{"line":183,"column":15}},"26":{"start":{"line":184,"column":20},"end":{"line":184,"column":25}},"27":{"start":{"line":185,"column":2},"end":{"line":185,"column":14}},"28":{"start":{"line":186,"column":2},"end":{"line":186,"column":16}},"29":{"start":{"line":187,"column":2},"end":{"line":190,"column":null}},"30":{"start":{"line":189,"column":3},"end":{"line":189,"column":25}},"31":{"start":{"line":191,"column":2},"end":{"line":191,"column":15}},"32":{"start":{"line":195,"column":2},"end":{"line":195,"column":29}},"33":{"start":{"line":199,"column":2},"end":{"line":199,"column":15}},"34":{"start":{"line":203,"column":2},"end":{"line":203,"column":15}},"35":{"start":{"line":206,"column":1},"end":{"line":206,"column":69}},"36":{"start":{"line":131,"column":0},"end":{"line":131,"column":16}},"37":{"start":{"line":226,"column":45},"end":{"line":226,"column":76}},"38":{"start":{"line":227,"column":1},"end":{"line":227,"column":44}},"39":{"start":{"line":221,"column":0},"end":{"line":221,"column":16}},"40":{"start":{"line":235,"column":61},"end":{"line":235,"column":66}},"41":{"start":{"line":236,"column":1},"end":{"line":238,"column":null}},"42":{"start":{"line":237,"column":2},"end":{"line":237,"column":17}},"43":{"start":{"line":241,"column":14},"end":{"line":241,"column":19}},"44":{"start":{"line":242,"column":15},"end":{"line":245,"column":3}},"45":{"start":{"line":243,"column":2},"end":{"line":243,"column":12}},"46":{"start":{"line":244,"column":2},"end":{"line":244,"column":16}},"47":{"start":{"line":247,"column":1},"end":{"line":248,"column":26}},"48":{"start":{"line":247,"column":34},"end":{"line":247,"column":42}},"49":{"start":{"line":248,"column":6},"end":{"line":248,"column":26}},"50":{"start":{"line":250,"column":1},"end":{"line":251,"column":92}},"51":{"start":{"line":251,"column":2},"end":{"line":251,"column":92}},"52":{"start":{"line":253,"column":1},"end":{"line":253,"column":15}},"53":{"start":{"line":234,"column":0},"end":{"line":234,"column":16}}},"fnMap":{"0":{"name":"writable","decl":{"start":{"line":131,"column":16},"end":{"line":131,"column":24}},"loc":{"start":{"line":134,"column":26},"end":{"line":207,"column":1}}},"1":{"name":"listen","decl":{"start":{"line":142,"column":10},"end":{"line":142,"column":16}},"loc":{"start":{"line":142,"column":61},"end":{"line":163,"column":2}}},"2":{"name":"unsubscribe","decl":{"start":{"line":151,"column":11},"end":{"line":151,"column":22}},"loc":{"start":{"line":151,"column":22},"end":{"line":160,"column":3}}},"3":{"name":"subscribe","decl":{"start":{"line":165,"column":10},"end":{"line":165,"column":19}},"loc":{"start":{"line":165,"column":64},"end":{"line":168,"column":2}}},"4":{"name":"invalidate","decl":{"start":{"line":170,"column":10},"end":{"line":170,"column":20}},"loc":{"start":{"line":170,"column":20},"end":{"line":178,"column":2}}},"5":{"name":"set","decl":{"start":{"line":180,"column":10},"end":{"line":180,"column":13}},"loc":{"start":{"line":180,"column":20},"end":{"line":192,"column":2}}},"6":{"name":"update","decl":{"start":{"line":194,"column":10},"end":{"line":194,"column":16}},"loc":{"start":{"line":194,"column":36},"end":{"line":196,"column":2}}},"7":{"name":"get","decl":{"start":{"line":198,"column":10},"end":{"line":198,"column":13}},"loc":{"start":{"line":198,"column":13},"end":{"line":200,"column":2}}},"8":{"name":"isDirty","decl":{"start":{"line":202,"column":10},"end":{"line":202,"column":17}},"loc":{"start":{"line":202,"column":17},"end":{"line":204,"column":2}}},"9":{"name":"readable","decl":{"start":{"line":221,"column":16},"end":{"line":221,"column":24}},"loc":{"start":{"line":224,"column":26},"end":{"line":228,"column":1}}},"10":{"name":"get","decl":{"start":{"line":234,"column":16},"end":{"line":234,"column":19}},"loc":{"start":{"line":234,"column":42},"end":{"line":254,"column":1}}},"11":{"name":"(anonymous_11)","decl":{"start":{"line":242,"column":31},"end":{"line":242,"column":32}},"loc":{"start":{"line":242,"column":37},"end":{"line":245,"column":2}}}},"branchMap":{"0":{"loc":{"start":{"line":140,"column":34},"end":{"line":140,"column":82}},"type":"binary-expr","locations":[{"start":{"line":140,"column":34},"end":{"line":140,"column":67}},{"start":{"line":140,"column":71},"end":{"line":140,"column":82}}]},"1":{"loc":{"start":{"line":144,"column":2},"end":{"line":146,"column":null}},"type":"if","locations":[{"start":{"line":144,"column":2},"end":{"line":146,"column":null}}]},"2":{"loc":{"start":{"line":153,"column":3},"end":{"line":153,"column":34}},"type":"if","locations":[{"start":{"line":153,"column":3},"end":{"line":153,"column":34}}]},"3":{"loc":{"start":{"line":157,"column":3},"end":{"line":157,"column":42}},"type":"if","locations":[{"start":{"line":157,"column":3},"end":{"line":157,"column":42}}]},"4":{"loc":{"start":{"line":171,"column":2},"end":{"line":171,"column":20}},"type":"if","locations":[{"start":{"line":171,"column":2},"end":{"line":171,"column":20}}]},"5":{"loc":{"start":{"line":181,"column":2},"end":{"line":181,"column":82}},"type":"if","locations":[{"start":{"line":181,"column":2},"end":{"line":181,"column":82}}]},"6":{"loc":{"start":{"line":181,"column":6},"end":{"line":181,"column":67}},"type":"binary-expr","locations":[{"start":{"line":181,"column":6},"end":{"line":181,"column":12}},{"start":{"line":181,"column":16},"end":{"line":181,"column":67}}]},"7":{"loc":{"start":{"line":236,"column":1},"end":{"line":238,"column":null}},"type":"if","locations":[{"start":{"line":236,"column":1},"end":{"line":238,"column":null}}]},"8":{"loc":{"start":{"line":236,"column":5},"end":{"line":236,"column":54}},"type":"binary-expr","locations":[{"start":{"line":236,"column":5},"end":{"line":236,"column":32}},{"start":{"line":236,"column":36},"end":{"line":236,"column":54}}]},"9":{"loc":{"start":{"line":247,"column":1},"end":{"line":248,"column":26}},"type":"if","locations":[{"start":{"line":247,"column":1},"end":{"line":248,"column":26}},{"start":{"line":248,"column":6},"end":{"line":248,"column":26}}]},"10":{"loc":{"start":{"line":250,"column":1},"end":{"line":251,"column":92}},"type":"if","locations":[{"start":{"line":250,"column":1},"end":{"line":251,"column":92}}]}},"s":{"0":1,"1":5,"2":5,"3":5,"4":9,"5":6,"6":9,"7":9,"8":2,"9":2,"10":0,"11":2,"12":2,"13":1,"14":2,"15":9,"16":4,"17":4,"18":14,"19":3,"20":11,"21":11,"22":15,"23":12,"24":1,"25":11,"26":11,"27":11,"28":11,"29":11,"30":15,"31":11,"32":3,"33":10,"34":13,"35":5,"36":1,"37":0,"38":0,"39":1,"40":0,"41":0,"42":0,"43":0,"44":0,"45":0,"46":0,"47":0,"48":0,"49":0,"50":0,"51":0,"52":0,"53":1},"f":{"0":5,"1":9,"2":2,"3":4,"4":14,"5":12,"6":3,"7":10,"8":13,"9":0,"10":0,"11":0},"b":{"0":[5,5],"1":[6],"2":[0],"3":[1],"4":[3],"5":[1],"6":[12,10],"7":[0],"8":[0,0],"9":[0,0],"10":[0]}}
,"/home/csha/sklep/src/lib/utils.ts": {"path":"/home/csha/sklep/src/lib/utils.ts","statementMap":{"0":{"start":{"line":2,"column":1},"end":{"line":14,"column":null}},"1":{"start":{"line":9,"column":3},"end":{"line":9,"column":15}},"2":{"start":{"line":13,"column":3},"end":{"line":13,"column":23}},"3":{"start":{"line":1,"column":0},"end":{"line":1,"column":16}},"4":{"start":{"line":22,"column":1},"end":{"line":22,"column":36}},"5":{"start":{"line":22,"column":24},"end":{"line":22,"column":36}},"6":{"start":{"line":23,"column":1},"end":{"line":30,"column":null}},"7":{"start":{"line":25,"column":3},"end":{"line":25,"column":15}},"8":{"start":{"line":27,"column":3},"end":{"line":27,"column":16}},"9":{"start":{"line":29,"column":3},"end":{"line":29,"column":31}},"10":{"start":{"line":17,"column":0},"end":{"line":17,"column":16}},"11":{"start":{"line":38,"column":4},"end":{"line":38,"column":55}},"12":{"start":{"line":38,"column":43},"end":{"line":38,"column":55}},"13":{"start":{"line":39,"column":4},"end":{"line":42,"column":7}},"14":{"start":{"line":40,"column":23},"end":{"line":40,"column":33}},"15":{"start":{"line":41,"column":8},"end":{"line":41,"column":null}},"16":{"start":{"line":33,"column":0},"end":{"line":33,"column":16}}},"fnMap":{"0":{"name":"isPrimitive","decl":{"start":{"line":1,"column":16},"end":{"line":1,"column":27}},"loc":{"start":{"line":1,"column":40},"end":{"line":15,"column":1}}},"1":{"name":"shouldUpdate","decl":{"start":{"line":17,"column":16},"end":{"line":17,"column":28}},"loc":{"start":{"line":20,"column":39},"end":{"line":31,"column":1}}},"2":{"name":"shouldSomeUpdate","decl":{"start":{"line":33,"column":16},"end":{"line":33,"column":32}},"loc":{"start":{"line":36,"column":42},"end":{"line":43,"column":1}}},"3":{"name":"(anonymous_3)","decl":{"start":{"line":39,"column":24},"end":{"line":39,"column":25}},"loc":{"start":{"line":39,"column":38},"end":{"line":42,"column":5}}}},"branchMap":{"0":{"loc":{"start":{"line":2,"column":1},"end":{"line":14,"column":null}},"type":"switch","locations":[{"start":{"line":3,"column":2},"end":{"line":3,"column":17}},{"start":{"line":4,"column":2},"end":{"line":4,"column":16}},{"start":{"line":5,"column":2},"end":{"line":5,"column":16}},{"start":{"line":6,"column":2},"end":{"line":6,"column":16}},{"start":{"line":7,"column":2},"end":{"line":7,"column":16}},{"start":{"line":8,"column":2},"end":{"line":9,"column":15}},{"start":{"line":11,"column":2},"end":{"line":11,"column":16}},{"start":{"line":12,"column":2},"end":{"line":13,"column":23}}]},"1":{"loc":{"start":{"line":22,"column":1},"end":{"line":22,"column":36}},"type":"if","locations":[{"start":{"line":22,"column":1},"end":{"line":22,"column":36}}]},"2":{"loc":{"start":{"line":23,"column":1},"end":{"line":30,"column":null}},"type":"switch","locations":[{"start":{"line":24,"column":2},"end":{"line":25,"column":15}},{"start":{"line":26,"column":2},"end":{"line":27,"column":16}},{"start":{"line":28,"column":2},"end":{"line":29,"column":31}}]},"3":{"loc":{"start":{"line":38,"column":4},"end":{"line":38,"column":55}},"type":"if","locations":[{"start":{"line":38,"column":4},"end":{"line":38,"column":55}}]}},"s":{"0":1,"1":1,"2":0,"3":1,"4":10,"5":9,"6":1,"7":0,"8":0,"9":1,"10":1,"11":0,"12":0,"13":0,"14":0,"15":0,"16":1},"f":{"0":1,"1":10,"2":0,"3":0},"b":{"0":[0,1,1,1,1,1,0,0],"1":[9],"2":[0,0,1],"3":[0]}}
}
