TN:
SF:src/lib/core.ts
FN:131,writable
FN:142,listen
FN:151,unsubscribe
FN:165,subscribe
FN:173,invalidate
FN:183,set
FN:197,update
FN:201,get
FN:205,isDirty
FN:220,readable
FN:241,get
FN:249,(anonymous_11)
FNF:12
FNH:12
FNDA:17,writable
FNDA:27,listen
FNDA:11,unsubscribe
FNDA:18,subscribe
FNDA:43,invalidate
FNDA:39,set
FNDA:3,update
FNDA:22,get
FNDA:13,isDirty
FNDA:3,readable
FNDA:7,get
FNDA:4,(anonymous_11)
DA:1,2
DA:131,2
DA:136,17
DA:138,17
DA:140,17
DA:144,27
DA:145,22
DA:148,27
DA:149,27
DA:152,11
DA:153,11
DA:154,9
DA:157,9
DA:159,9
DA:162,27
DA:168,18
DA:169,18
DA:170,18
DA:174,43
DA:176,33
DA:177,33
DA:179,34
DA:184,39
DA:186,33
DA:187,33
DA:188,33
DA:189,33
DA:190,33
DA:192,34
DA:194,33
DA:198,3
DA:202,22
DA:206,13
DA:209,17
DA:220,2
DA:226,3
DA:233,3
DA:234,3
DA:241,2
DA:242,7
DA:243,7
DA:244,2
DA:248,5
DA:249,5
DA:250,4
DA:251,4
DA:254,5
DA:255,2
DA:257,5
DA:258,1
DA:264,4
LF:51
LH:51
BRDA:140,0,0,17
BRDA:140,0,1,14
BRDA:144,1,0,22
BRDA:153,2,0,2
BRDA:157,3,0,7
BRDA:174,4,0,10
BRDA:184,5,0,6
BRDA:184,6,0,39
BRDA:184,6,1,30
BRDA:226,7,0,3
BRDA:226,7,1,2
BRDA:226,7,2,1
BRDA:226,7,3,1
BRDA:226,7,4,1
BRDA:226,7,5,1
BRDA:226,7,6,1
BRDA:233,8,0,1
BRDA:233,8,1,2
BRDA:243,9,0,2
BRDA:243,10,0,7
BRDA:243,10,1,2
BRDA:254,11,0,3
BRDA:254,11,1,2
BRDA:257,12,0,1
BRF:24
BRH:24
end_of_record
TN:
SF:src/lib/derived.ts
FN:115,derived
FN:127,(anonymous_1)
FN:134,(anonymous_2)
FN:149,(anonymous_3)
FN:150,(anonymous_4)
FN:155,(anonymous_5)
FN:160,(anonymous_6)
FN:165,(anonymous_7)
FN:179,(anonymous_8)
FN:188,(anonymous_9)
FNF:10
FNH:9
FNDA:2,derived
FNDA:0,(anonymous_1)
FNDA:7,(anonymous_2)
FNDA:2,(anonymous_3)
FNDA:2,(anonymous_4)
FNDA:3,(anonymous_5)
FNDA:7,(anonymous_6)
FNDA:7,(anonymous_7)
FNDA:4,(anonymous_8)
FNDA:1,(anonymous_9)
DA:1,1
DA:14,1
DA:115,1
DA:121,2
DA:122,0
DA:123,2
DA:124,0
DA:128,0
DA:132,2
DA:135,7
DA:140,2
DA:141,2
DA:142,2
DA:144,2
DA:147,2
DA:148,2
DA:149,2
DA:150,2
DA:151,2
DA:153,2
DA:156,3
DA:157,3
DA:158,3
DA:159,3
DA:161,7
DA:162,7
DA:163,7
DA:165,7
DA:166,7
DA:168,7
DA:170,7
DA:177,7
DA:180,4
DA:181,4
DA:186,3
DA:188,3
DA:189,1
DA:190,1
DA:191,1
DA:192,0
DA:199,2
LF:41
LH:37
BRDA:121,0,0,0
BRDA:121,0,1,2
BRDA:121,1,0,2
BRDA:121,1,1,0
BRDA:121,1,2,0
BRDA:123,2,0,0
BRDA:123,2,1,2
BRDA:141,3,0,2
BRDA:141,3,1,2
BRDA:142,4,0,2
BRDA:142,4,1,2
BRDA:147,5,0,0
BRDA:147,5,1,2
BRDA:162,6,0,3
BRDA:165,7,0,0
BRDA:165,8,0,7
BRDA:165,8,1,7
BRDA:166,9,0,0
BRDA:171,10,0,7
BRDA:171,10,1,0
BRDA:174,11,0,7
BRDA:174,11,1,0
BRDA:191,12,0,1
BRDA:191,12,1,0
BRF:24
BRH:14
end_of_record
TN:
SF:src/lib/utils.ts
FN:1,isPrimitive
FN:17,shouldUpdate
FN:33,shouldSomeUpdate
FN:39,(anonymous_3)
FNF:4
FNH:4
FNDA:6,isPrimitive
FNDA:37,shouldUpdate
FNDA:7,shouldSomeUpdate
FNDA:7,(anonymous_3)
DA:1,2
DA:2,6
DA:9,4
DA:13,2
DA:17,2
DA:22,37
DA:23,13
DA:25,5
DA:27,2
DA:29,6
DA:33,2
DA:38,7
DA:39,7
DA:40,7
DA:41,7
LF:15
LH:15
BRDA:2,0,0,0
BRDA:2,0,1,4
BRDA:2,0,2,4
BRDA:2,0,3,4
BRDA:2,0,4,4
BRDA:2,0,5,4
BRDA:2,0,6,2
BRDA:2,0,7,2
BRDA:22,1,0,24
BRDA:23,2,0,5
BRDA:23,2,1,2
BRDA:23,2,2,6
BRDA:38,3,0,0
BRF:13
BRH:11
end_of_record
