TN:
SF:src/lib/core.ts
FN:131,writable
FN:142,listen
FN:151,unsubscribe
FN:165,subscribe
FN:170,invalidate
FN:180,set
FN:194,update
FN:198,get
FN:202,isDirty
FN:221,readable
FN:234,get
FN:242,(anonymous_11)
FNF:12
FNH:9
FNDA:5,writable
FNDA:9,listen
FNDA:2,unsubscribe
FNDA:4,subscribe
FNDA:14,invalidate
FNDA:12,set
FNDA:3,update
FNDA:10,get
FNDA:13,isDirty
FNDA:0,readable
FNDA:0,get
FNDA:0,(anonymous_11)
DA:1,1
DA:131,1
DA:136,5
DA:138,5
DA:140,5
DA:144,9
DA:145,6
DA:148,9
DA:149,9
DA:152,2
DA:153,2
DA:154,2
DA:157,2
DA:159,2
DA:162,9
DA:166,4
DA:167,4
DA:171,14
DA:173,11
DA:174,11
DA:176,15
DA:181,12
DA:183,11
DA:184,11
DA:185,11
DA:186,11
DA:187,11
DA:189,15
DA:191,11
DA:195,3
DA:199,10
DA:203,13
DA:206,5
DA:221,1
DA:226,0
DA:227,0
DA:234,1
DA:235,0
DA:236,0
DA:237,0
DA:241,0
DA:242,0
DA:243,0
DA:244,0
DA:247,0
DA:248,0
DA:250,0
DA:251,0
DA:253,0
LF:49
LH:35
BRDA:140,0,0,5
BRDA:140,0,1,5
BRDA:144,1,0,6
BRDA:153,2,0,0
BRDA:157,3,0,1
BRDA:171,4,0,3
BRDA:181,5,0,1
BRDA:181,6,0,12
BRDA:181,6,1,10
BRDA:236,7,0,0
BRDA:236,8,0,0
BRDA:236,8,1,0
BRDA:247,9,0,0
BRDA:247,9,1,0
BRDA:250,10,0,0
BRF:15
BRH:8
end_of_record
TN:
SF:src/lib/utils.ts
FN:1,isPrimitive
FN:17,shouldUpdate
FN:33,shouldSomeUpdate
FN:39,(anonymous_3)
FNF:4
FNH:2
FNDA:1,isPrimitive
FNDA:10,shouldUpdate
FNDA:0,shouldSomeUpdate
FNDA:0,(anonymous_3)
DA:1,1
DA:2,1
DA:9,1
DA:13,0
DA:17,1
DA:22,10
DA:23,1
DA:25,0
DA:27,0
DA:29,1
DA:33,1
DA:38,0
DA:39,0
DA:40,0
DA:41,0
LF:15
LH:8
BRDA:2,0,0,0
BRDA:2,0,1,1
BRDA:2,0,2,1
BRDA:2,0,3,1
BRDA:2,0,4,1
BRDA:2,0,5,1
BRDA:2,0,6,0
BRDA:2,0,7,0
BRDA:22,1,0,9
BRDA:23,2,0,0
BRDA:23,2,1,0
BRDA:23,2,2,1
BRDA:38,3,0,0
BRF:13
BRH:7
end_of_record
